------------------------------------------- ACQUISITION PARAMETERS -------------------------------------------
Started at : 2017-11-27 10:10:47.485905
Tweets saved in ./Nigeria_1/
Searching from 2016-01-29 to 2016-02-06
Hastags used : ['Dalori', 'Dalorilivesmatter', 'Nigeria', 'BokoHaram', 'Bokoharam', 'bokoharam', 'Borno', 'StopBokoHaram', 'PrayForNigeria']
------------------------------------------- STARTING ACQUISITION -------------------------------------------
1 - Tweets : 2772 - Total : 2772 - Date : 2016-02-05 07:39:06 - Elapsed Time : 810.799 s - Delay : 810.799 s - Rate : 3.419 tw/s - Executed at 2017-11-27 10:24:20.470199
     + First Tweet Time : 2016-02-05 22:11:24
     + Last Tweet Time : 2016-02-05 07:39:06
 
2 - Tweets : 1 - Total : 2773 - Date : 2016-02-05 07:39:06 - Elapsed Time : 1525.823 s - Delay : 715.024 s - Rate : 0.001 tw/s - Executed at 2017-11-27 10:36:15.508428
     + First Tweet Time : 2016-02-05 07:39:06
     + Last Tweet Time : 2016-02-05 07:39:06
 
3 - Tweets : 2 - Total : 2775 - Date : 2016-02-05 07:38:17 - Elapsed Time : 2270.099 s - Delay : 744.276 s - Rate : 0.003 tw/s - Executed at 2017-11-27 10:48:39.785210
     + First Tweet Time : 2016-02-05 07:39:06
     + Last Tweet Time : 2016-02-05 07:38:17
 
4 - Tweets : 4 - Total : 2779 - Date : 2016-02-05 07:38:04 - Elapsed Time : 2983.069 s - Delay : 712.970 s - Rate : 0.006 tw/s - Executed at 2017-11-27 11:00:32.756810
     + First Tweet Time : 2016-02-05 07:38:17
     + Last Tweet Time : 2016-02-05 07:38:04
 
5 - Tweets : 2 - Total : 2781 - Date : 2016-02-05 07:37:57 - Elapsed Time : 3683.942 s - Delay : 700.873 s - Rate : 0.003 tw/s - Executed at 2017-11-27 11:12:13.631424
     + First Tweet Time : 2016-02-05 07:38:04
     + Last Tweet Time : 2016-02-05 07:37:57
 
6 - Tweets : 1 - Total : 2782 - Date : 2016-02-05 07:37:57 - Elapsed Time : 4385.550 s - Delay : 701.608 s - Rate : 0.001 tw/s - Executed at 2017-11-27 11:23:55.240484
     + First Tweet Time : 2016-02-05 07:37:57
     + Last Tweet Time : 2016-02-05 07:37:57
 
7 - Tweets : 1 - Total : 2783 - Date : 2016-02-05 07:37:57 - Elapsed Time : 5094.004 s - Delay : 708.454 s - Rate : 0.001 tw/s - Executed at 2017-11-27 11:35:43.695485
     + First Tweet Time : 2016-02-05 07:37:57
     + Last Tweet Time : 2016-02-05 07:37:57
 
8 - Tweets : 1 - Total : 2784 - Date : 2016-02-05 07:37:57 - Elapsed Time : 5816.749 s - Delay : 722.745 s - Rate : 0.001 tw/s - Executed at 2017-11-27 11:47:46.442897
     + First Tweet Time : 2016-02-05 07:37:57
     + Last Tweet Time : 2016-02-05 07:37:57
 
9 - Tweets : 1 - Total : 2785 - Date : 2016-02-05 07:37:57 - Elapsed Time : 6550.550 s - Delay : 733.802 s - Rate : 0.001 tw/s - Executed at 2017-11-27 12:00:00.245591
     + First Tweet Time : 2016-02-05 07:37:57
     + Last Tweet Time : 2016-02-05 07:37:57
 
10 - Tweets : 1 - Total : 2786 - Date : 2016-02-05 07:37:57 - Elapsed Time : 7278.779 s - Delay : 728.228 s - Rate : 0.001 tw/s - Executed at 2017-11-27 12:12:08.474969
     + First Tweet Time : 2016-02-05 07:37:57
     + Last Tweet Time : 2016-02-05 07:37:57
 
11 - Tweets : 1 - Total : 2787 - Date : 2016-02-05 07:37:57 - Elapsed Time : 8017.097 s - Delay : 738.318 s - Rate : 0.001 tw/s - Executed at 2017-11-27 12:24:26.794595
     + First Tweet Time : 2016-02-05 07:37:57
     + Last Tweet Time : 2016-02-05 07:37:57
 
12 - Tweets : 1 - Total : 2788 - Date : 2016-02-05 07:37:57 - Elapsed Time : 8720.879 s - Delay : 703.782 s - Rate : 0.001 tw/s - Executed at 2017-11-27 12:36:10.577709
     + First Tweet Time : 2016-02-05 07:37:57
     + Last Tweet Time : 2016-02-05 07:37:57
 
13 - Tweets : 1 - Total : 2789 - Date : 2016-02-05 07:37:57 - Elapsed Time : 9477.750 s - Delay : 756.871 s - Rate : 0.001 tw/s - Executed at 2017-11-27 12:48:47.449905
     + First Tweet Time : 2016-02-05 07:37:57
     + Last Tweet Time : 2016-02-05 07:37:57
 
14 - Tweets : 1 - Total : 2790 - Date : 2016-02-05 07:37:57 - Elapsed Time : 10218.706 s - Delay : 740.956 s - Rate : 0.001 tw/s - Executed at 2017-11-27 13:01:08.406839
     + First Tweet Time : 2016-02-05 07:37:57
     + Last Tweet Time : 2016-02-05 07:37:57
 
15 - Tweets : 1 - Total : 2791 - Date : 2016-02-05 07:37:57 - Elapsed Time : 10932.736 s - Delay : 714.030 s - Rate : 0.001 tw/s - Executed at 2017-11-27 13:13:02.437964
     + First Tweet Time : 2016-02-05 07:37:57
     + Last Tweet Time : 2016-02-05 07:37:57
 
16 - Tweets : 1 - Total : 2792 - Date : 2016-02-05 07:37:57 - Elapsed Time : 11645.389 s - Delay : 712.653 s - Rate : 0.001 tw/s - Executed at 2017-11-27 13:24:55.092165
     + First Tweet Time : 2016-02-05 07:37:57
     + Last Tweet Time : 2016-02-05 07:37:57
 
17 - Tweets : 1 - Total : 2793 - Date : 2016-02-05 07:37:57 - Elapsed Time : 12405.914 s - Delay : 760.525 s - Rate : 0.001 tw/s - Executed at 2017-11-27 13:37:35.617992
     + First Tweet Time : 2016-02-05 07:37:57
     + Last Tweet Time : 2016-02-05 07:37:57
 
18 - Tweets : 1 - Total : 2794 - Date : 2016-02-05 07:37:57 - Elapsed Time : 13123.816 s - Delay : 717.902 s - Rate : 0.001 tw/s - Executed at 2017-11-27 13:49:33.521527
     + First Tweet Time : 2016-02-05 07:37:57
     + Last Tweet Time : 2016-02-05 07:37:57
 
19 - Tweets : 1 - Total : 2795 - Date : 2016-02-05 07:37:57 - Elapsed Time : 13838.566 s - Delay : 714.750 s - Rate : 0.001 tw/s - Executed at 2017-11-27 14:01:28.273085
     + First Tweet Time : 2016-02-05 07:37:57
     + Last Tweet Time : 2016-02-05 07:37:57
 
20 - Tweets : 1 - Total : 2796 - Date : 2016-02-05 07:37:57 - Elapsed Time : 14577.523 s - Delay : 738.957 s - Rate : 0.001 tw/s - Executed at 2017-11-27 14:13:47.230900
     + First Tweet Time : 2016-02-05 07:37:57
     + Last Tweet Time : 2016-02-05 07:37:57
 
21 - Tweets : 1 - Total : 2797 - Date : 2016-02-05 07:37:57 - Elapsed Time : 15285.306 s - Delay : 707.783 s - Rate : 0.001 tw/s - Executed at 2017-11-27 14:25:35.014796
     + First Tweet Time : 2016-02-05 07:37:57
     + Last Tweet Time : 2016-02-05 07:37:57
 
22 - Tweets : 1 - Total : 2798 - Date : 2016-02-05 07:37:57 - Elapsed Time : 16001.530 s - Delay : 716.225 s - Rate : 0.001 tw/s - Executed at 2017-11-27 14:37:31.241028
     + First Tweet Time : 2016-02-05 07:37:57
     + Last Tweet Time : 2016-02-05 07:37:57
 
23 - Tweets : 1 - Total : 2799 - Date : 2016-02-05 07:37:57 - Elapsed Time : 16724.650 s - Delay : 723.120 s - Rate : 0.001 tw/s - Executed at 2017-11-27 14:49:34.361852
     + First Tweet Time : 2016-02-05 07:37:57
     + Last Tweet Time : 2016-02-05 07:37:57
 
24 - Tweets : 1 - Total : 2800 - Date : 2016-02-05 07:37:57 - Elapsed Time : 17467.287 s - Delay : 742.637 s - Rate : 0.001 tw/s - Executed at 2017-11-27 15:01:57.000165
     + First Tweet Time : 2016-02-05 07:37:57
     + Last Tweet Time : 2016-02-05 07:37:57
 
25 - Tweets : 1 - Total : 2801 - Date : 2016-02-05 07:37:57 - Elapsed Time : 18206.735 s - Delay : 739.448 s - Rate : 0.001 tw/s - Executed at 2017-11-27 15:14:16.449493
     + First Tweet Time : 2016-02-05 07:37:57
     + Last Tweet Time : 2016-02-05 07:37:57
 
26 - Tweets : 1 - Total : 2802 - Date : 2016-02-05 07:37:57 - Elapsed Time : 18922.424 s - Delay : 715.689 s - Rate : 0.001 tw/s - Executed at 2017-11-27 15:26:12.139190
     + First Tweet Time : 2016-02-05 07:37:57
     + Last Tweet Time : 2016-02-05 07:37:57
 
27 - Tweets : 1 - Total : 2803 - Date : 2016-02-05 07:37:57 - Elapsed Time : 19644.287 s - Delay : 721.863 s - Rate : 0.001 tw/s - Executed at 2017-11-27 15:38:14.004715
     + First Tweet Time : 2016-02-05 07:37:57
     + Last Tweet Time : 2016-02-05 07:37:57
 
28 - Tweets : 1 - Total : 2804 - Date : 2016-02-05 07:37:57 - Elapsed Time : 20364.980 s - Delay : 720.693 s - Rate : 0.001 tw/s - Executed at 2017-11-27 15:50:14.699108
     + First Tweet Time : 2016-02-05 07:37:57
     + Last Tweet Time : 2016-02-05 07:37:57
 
29 - Tweets : 1 - Total : 2805 - Date : 2016-02-05 07:37:57 - Elapsed Time : 21069.123 s - Delay : 704.142 s - Rate : 0.001 tw/s - Executed at 2017-11-27 16:01:58.842620
     + First Tweet Time : 2016-02-05 07:37:57
     + Last Tweet Time : 2016-02-05 07:37:57
 
30 - Tweets : 1 - Total : 2806 - Date : 2016-02-05 07:37:57 - Elapsed Time : 21779.305 s - Delay : 710.183 s - Rate : 0.001 tw/s - Executed at 2017-11-27 16:13:49.026339
     + First Tweet Time : 2016-02-05 07:37:57
     + Last Tweet Time : 2016-02-05 07:37:57
 
31 - Tweets : 1 - Total : 2807 - Date : 2016-02-05 07:37:57 - Elapsed Time : 22498.634 s - Delay : 719.329 s - Rate : 0.001 tw/s - Executed at 2017-11-27 16:25:48.356441
     + First Tweet Time : 2016-02-05 07:37:57
     + Last Tweet Time : 2016-02-05 07:37:57
 
32 - Tweets : 1 - Total : 2808 - Date : 2016-02-05 07:37:57 - Elapsed Time : 23191.887 s - Delay : 693.253 s - Rate : 0.001 tw/s - Executed at 2017-11-27 16:37:21.610157
     + First Tweet Time : 2016-02-05 07:37:57
     + Last Tweet Time : 2016-02-05 07:37:57
 
33 - Tweets : 1 - Total : 2809 - Date : 2016-02-05 07:37:57 - Elapsed Time : 23938.851 s - Delay : 746.964 s - Rate : 0.001 tw/s - Executed at 2017-11-27 16:49:48.574956
     + First Tweet Time : 2016-02-05 07:37:57
     + Last Tweet Time : 2016-02-05 07:37:57
 
34 - Tweets : 1 - Total : 2810 - Date : 2016-02-05 07:37:57 - Elapsed Time : 24661.800 s - Delay : 722.950 s - Rate : 0.001 tw/s - Executed at 2017-11-27 17:01:51.525932
     + First Tweet Time : 2016-02-05 07:37:57
     + Last Tweet Time : 2016-02-05 07:37:57
 
35 - Tweets : 1 - Total : 2811 - Date : 2016-02-05 07:37:57 - Elapsed Time : 25383.274 s - Delay : 721.473 s - Rate : 0.001 tw/s - Executed at 2017-11-27 17:13:53.000144
     + First Tweet Time : 2016-02-05 07:37:57
     + Last Tweet Time : 2016-02-05 07:37:57
 
36 - Tweets : 1 - Total : 2812 - Date : 2016-02-05 07:37:57 - Elapsed Time : 26089.575 s - Delay : 706.301 s - Rate : 0.001 tw/s - Executed at 2017-11-27 17:25:39.302696
     + First Tweet Time : 2016-02-05 07:37:57
     + Last Tweet Time : 2016-02-05 07:37:57
 
37 - Tweets : 1 - Total : 2813 - Date : 2016-02-05 07:37:57 - Elapsed Time : 26811.333 s - Delay : 721.759 s - Rate : 0.001 tw/s - Executed at 2017-11-27 17:37:41.062430
     + First Tweet Time : 2016-02-05 07:37:57
     + Last Tweet Time : 2016-02-05 07:37:57
 
38 - Tweets : 1 - Total : 2814 - Date : 2016-02-05 07:37:57 - Elapsed Time : 27507.064 s - Delay : 695.731 s - Rate : 0.001 tw/s - Executed at 2017-11-27 17:49:16.794339
     + First Tweet Time : 2016-02-05 07:37:57
     + Last Tweet Time : 2016-02-05 07:37:57
 
39 - Tweets : 1 - Total : 2815 - Date : 2016-02-05 07:37:57 - Elapsed Time : 28239.407 s - Delay : 732.343 s - Rate : 0.001 tw/s - Executed at 2017-11-27 18:01:29.138571
     + First Tweet Time : 2016-02-05 07:37:57
     + Last Tweet Time : 2016-02-05 07:37:57
 
40 - Tweets : 1 - Total : 2816 - Date : 2016-02-05 07:37:57 - Elapsed Time : 28960.074 s - Delay : 720.666 s - Rate : 0.001 tw/s - Executed at 2017-11-27 18:13:29.806344
     + First Tweet Time : 2016-02-05 07:37:57
     + Last Tweet Time : 2016-02-05 07:37:57
 
41 - Tweets : 1 - Total : 2817 - Date : 2016-02-05 07:37:57 - Elapsed Time : 29659.050 s - Delay : 698.977 s - Rate : 0.001 tw/s - Executed at 2017-11-27 18:25:08.784049
     + First Tweet Time : 2016-02-05 07:37:57
     + Last Tweet Time : 2016-02-05 07:37:57
 
42 - Tweets : 1 - Total : 2818 - Date : 2016-02-05 07:37:57 - Elapsed Time : 30388.429 s - Delay : 729.379 s - Rate : 0.001 tw/s - Executed at 2017-11-27 18:37:18.164307
     + First Tweet Time : 2016-02-05 07:37:57
     + Last Tweet Time : 2016-02-05 07:37:57
 
------------------------------------------- ACQUISITION PARAMETERS -------------------------------------------
Started at : 2017-11-27 18:39:16.215284
Tweets saved in ./Nigeria_1/
Searching from 2016-01-29 to 2016-02-06
Hastags used : ['Dalori', 'Dalorilivesmatter', 'Nigeria', 'BokoHaram', 'Bokoharam', 'bokoharam', 'Borno', 'StopBokoHaram', 'PrayForNigeria']
 Resuming the acquisition from tweet : 695511955377885183
------------------------------------------- STARTING ACQUISITION -------------------------------------------
------------------------------------------- ACQUISITION PARAMETERS -------------------------------------------
Started at : 2017-11-27 18:40:11.587230
Tweets saved in ./Nigeria_1/
Searching from 2016-01-29 to 2016-02-06
Hastags used : ['Dalori', 'Dalorilivesmatter', 'BokoHaram', 'Bokoharam', 'bokoharam', 'Borno', 'StopBokoHaram', 'PrayForNigeria']
 Resuming the acquisition from tweet : 695511955377885183
------------------------------------------- STARTING ACQUISITION -------------------------------------------
2 - Tweets : 6821 - Total : 6821 - Date : 2016-01-31 07:54:08 - Elapsed Time : 1176.810 s - Delay : 1176.810 s - Rate : 5.796 tw/s - Executed at 2017-11-27 18:59:50.642087
     + First Tweet Time : 2016-02-05 07:34:57
     + Last Tweet Time : 2016-01-31 07:54:08
 
3 - Tweets : 392 - Total : 7213 - Date : 2016-01-29 01:31:52 - Elapsed Time : 1920.602 s - Delay : 743.792 s - Rate : 0.527 tw/s - Executed at 2017-11-27 19:12:14.466093
     + First Tweet Time : 2016-01-31 03:57:10
     + Last Tweet Time : 2016-01-29 01:31:52
 
------------------ ALL TWEETS WERE AQUIRED ------------------
